<?xml version="1.0" encoding="UTF-8"?>
<testsuite xmlns:xsi="http://www.w3.org/2001/XMLSchema-instance" xsi:noNamespaceSchemaLocation="https://maven.apache.org/surefire/maven-surefire-plugin/xsd/surefire-test-report-3.0.xsd" version="3.0" name="dk.sdu.mmmi.cbse.collisionsystem.CollisionSystemTest" time="0.122" tests="1" errors="0" skipped="0" failures="0">
  <properties>
[...]
</properties>
  <testcase name="testBulletAsteroidCollisionRemovesEntities" classname="dk.sdu.mmmi.cbse.collisionsystem.CollisionSystemTest" time="0.108">
    <system-err><![CDATA[Failed to add score: I/O error on POST request for "http://localhost:8081/score/add": Connection refused: connect
]]></system-err>
  </testcase>
</testsuite>